The system is: Darwin - 22.2.0 - x86_64
Compiling the C compiler identification source file "CMakeCCompilerId.c" succeeded.
Compiler: /usr/local/Cellar/gcc@11/11.3.0/bin/gcc-11 
Build flags: 
Id flags:  

The output was:
0


Compilation of the C compiler identification source "CMakeCCompilerId.c" produced "a.out"

The C compiler identification is GNU, found in "/Users/yaroslavshlapak/CLionProjects/pjc/cmake-build-debug/CMakeFiles/3.24.2/CompilerIdC/a.out"

Compiling the CXX compiler identification source file "CMakeCXXCompilerId.cpp" succeeded.
Compiler: /usr/local/Cellar/gcc@11/11.3.0/bin/g++-11 
Build flags: 
Id flags:  

The output was:
0


Compilation of the CXX compiler identification source "CMakeCXXCompilerId.cpp" produced "a.out"

The CXX compiler identification is GNU, found in "/Users/yaroslavshlapak/CLionProjects/pjc/cmake-build-debug/CMakeFiles/3.24.2/CompilerIdCXX/a.out"

Detecting C compiler ABI info compiled with the following output:
Change Dir: /Users/yaroslavshlapak/CLionProjects/pjc/cmake-build-debug/CMakeFiles/CMakeTmp

Run Build Command(s):/Users/yaroslavshlapak/Library/Application Support/JetBrains/Toolbox/apps/CLion/ch-0/223.8617.54/CLion.app/Contents/bin/ninja/mac/ninja cmTC_cc3c6 && [1/2] Building C object CMakeFiles/cmTC_cc3c6.dir/CMakeCCompilerABI.c.o
Using built-in specs.
COLLECT_GCC=/usr/local/Cellar/gcc@11/11.3.0/bin/gcc-11
Target: x86_64-apple-darwin22
Configured with: ../configure --prefix=/usr/local/opt/gcc@11 --libdir=/usr/local/opt/gcc@11/lib/gcc/11 --disable-nls --enable-checking=release --with-gcc-major-version-only --enable-languages=c,c++,objc,obj-c++,fortran,d --program-suffix=-11 --with-gmp=/usr/local/opt/gmp --with-mpfr=/usr/local/opt/mpfr --with-mpc=/usr/local/opt/libmpc --with-isl=/usr/local/opt/isl --with-zstd=/usr/local/opt/zstd --with-pkgversion='Homebrew GCC 11.3.0' --with-bugurl=https://github.com/Homebrew/homebrew-core/issues --enable-libphobos --build=x86_64-apple-darwin22 --with-system-zlib --with-sysroot=/Library/Developer/CommandLineTools/SDKs/MacOSX13.sdk
Thread model: posix
Supported LTO compression algorithms: zlib zstd
gcc version 11.3.0 (Homebrew GCC 11.3.0) 
COLLECT_GCC_OPTIONS='-fdiagnostics-color=always' '-isysroot' '/Library/Developer/CommandLineTools/SDKs/MacOSX13.1.sdk' '-v' '-o' 'CMakeFiles/cmTC_cc3c6.dir/CMakeCCompilerABI.c.o' '-c' '-mmacosx-version-min=13.0.0' '-asm_macosx_version_min=13.0' '-nodefaultexport' '-mtune=core2' '-dumpdir' 'CMakeFiles/cmTC_cc3c6.dir/'
 /usr/local/Cellar/gcc@11/11.3.0/bin/../libexec/gcc/x86_64-apple-darwin22/11/cc1 -quiet -v -iprefix /usr/local/Cellar/gcc@11/11.3.0/bin/../lib/gcc/11/gcc/x86_64-apple-darwin22/11/ -D__DYNAMIC__ -isysroot /Library/Developer/CommandLineTools/SDKs/MacOSX13.1.sdk /Users/yaroslavshlapak/Library/Application Support/JetBrains/Toolbox/apps/CLion/ch-0/223.8617.54/CLion.app/Contents/bin/cmake/mac/share/cmake-3.24/Modules/CMakeCCompilerABI.c -fPIC -quiet -dumpdir CMakeFiles/cmTC_cc3c6.dir/ -dumpbase CMakeCCompilerABI.c.c -dumpbase-ext .c -mmacosx-version-min=13.0.0 -mtune=core2 -version -fdiagnostics-color=always -o /var/folders/n3/ksyv9g1n4cd8khw25wp89_xc0000gn/T//cc96ghVZ.s
GNU C17 (Homebrew GCC 11.3.0) version 11.3.0 (x86_64-apple-darwin22)
	compiled by GNU C version 11.3.0, GMP version 6.2.1, MPFR version 4.1.0-p13, MPC version 1.2.1, isl version isl-0.25-GMP

warning: MPFR header version 4.1.0-p13 differs from library version 4.2.0.
warning: MPC header version 1.2.1 differs from library version 1.3.1.
GGC heuristics: --param ggc-min-expand=100 --param ggc-min-heapsize=131072
ignoring nonexistent directory "/usr/local/Cellar/gcc@11/11.3.0/bin/../lib/gcc/11/gcc/x86_64-apple-darwin22/11/../../../../../../x86_64-apple-darwin22/include"
ignoring duplicate directory "/usr/local/Cellar/gcc@11/11.3.0/bin/../lib/gcc/11/gcc/../../../../lib/gcc/11/gcc/x86_64-apple-darwin22/11/include"
ignoring nonexistent directory "/Library/Developer/CommandLineTools/SDKs/MacOSX13.1.sdk/usr/local/include"
ignoring duplicate directory "/usr/local/Cellar/gcc@11/11.3.0/bin/../lib/gcc/11/gcc/../../../../lib/gcc/11/gcc/x86_64-apple-darwin22/11/include-fixed"
ignoring nonexistent directory "/usr/local/Cellar/gcc@11/11.3.0/bin/../lib/gcc/11/gcc/../../../../lib/gcc/11/gcc/x86_64-apple-darwin22/11/../../../../../../x86_64-apple-darwin22/include"
ignoring nonexistent directory "/Library/Developer/CommandLineTools/SDKs/MacOSX13.1.sdk/Library/Frameworks"
#include "..." search starts here:
#include <...> search starts here:
 /usr/local/Cellar/gcc@11/11.3.0/bin/../lib/gcc/11/gcc/x86_64-apple-darwin22/11/include
 /usr/local/Cellar/gcc@11/11.3.0/bin/../lib/gcc/11/gcc/x86_64-apple-darwin22/11/include-fixed
 /Library/Developer/CommandLineTools/SDKs/MacOSX13.1.sdk/usr/include
 /Library/Developer/CommandLineTools/SDKs/MacOSX13.1.sdk/System/Library/Frameworks
End of search list.
GNU C17 (Homebrew GCC 11.3.0) version 11.3.0 (x86_64-apple-darwin22)
	compiled by GNU C version 11.3.0, GMP version 6.2.1, MPFR version 4.1.0-p13, MPC version 1.2.1, isl version isl-0.25-GMP

warning: MPFR header version 4.1.0-p13 differs from library version 4.2.0.
warning: MPC header version 1.2.1 differs from library version 1.3.1.
GGC heuristics: --param ggc-min-expand=100 --param ggc-min-heapsize=131072
Compiler executable checksum: dd0b20500f0176201798ba15a1f29b5a
COLLECT_GCC_OPTIONS='-fdiagnostics-color=always' '-isysroot' '/Library/Developer/CommandLineTools/SDKs/MacOSX13.1.sdk' '-v' '-o' 'CMakeFiles/cmTC_cc3c6.dir/CMakeCCompilerABI.c.o' '-c' '-mmacosx-version-min=13.0.0'  '-nodefaultexport' '-mtune=core2' '-dumpdir' 'CMakeFiles/cmTC_cc3c6.dir/'
 as -arch x86_64 -v -mmacosx-version-min=13.0 -mllvm -x86-pad-for-align=false -force_cpusubtype_ALL -o CMakeFiles/cmTC_cc3c6.dir/CMakeCCompilerABI.c.o /var/folders/n3/ksyv9g1n4cd8khw25wp89_xc0000gn/T//cc96ghVZ.s
Apple clang version 14.0.0 (clang-1400.0.29.202)
Target: x86_64-apple-darwin22.2.0
Thread model: posix
InstalledDir: /Library/Developer/CommandLineTools/usr/bin
 "/Library/Developer/CommandLineTools/usr/bin/clang" -cc1as -triple x86_64-apple-macosx13.0.0 -filetype obj -main-file-name cc96ghVZ.s -target-cpu penryn -fdebug-compilation-dir=/Users/yaroslavshlapak/CLionProjects/pjc/cmake-build-debug/CMakeFiles/CMakeTmp -dwarf-debug-producer "Apple clang version 14.0.0 (clang-1400.0.29.202)" -dwarf-version=4 -mrelocation-model pic --mrelax-relocations -mllvm -x86-pad-for-align=false -mllvm -disable-aligned-alloc-awareness=1 -o CMakeFiles/cmTC_cc3c6.dir/CMakeCCompilerABI.c.o /var/folders/n3/ksyv9g1n4cd8khw25wp89_xc0000gn/T//cc96ghVZ.s
COMPILER_PATH=/usr/local/Cellar/gcc@11/11.3.0/bin/../libexec/gcc/x86_64-apple-darwin22/11/:/usr/local/Cellar/gcc@11/11.3.0/bin/../libexec/gcc/
LIBRARY_PATH=/usr/local/Cellar/gcc@11/11.3.0/bin/../lib/gcc/11/gcc/x86_64-apple-darwin22/11/:/usr/local/Cellar/gcc@11/11.3.0/bin/../lib/gcc/11/gcc/:/usr/local/Cellar/gcc@11/11.3.0/bin/../lib/gcc/11/gcc/x86_64-apple-darwin22/11/../../../
COLLECT_GCC_OPTIONS='-fdiagnostics-color=always' '-isysroot' '/Library/Developer/CommandLineTools/SDKs/MacOSX13.1.sdk' '-v' '-o' 'CMakeFiles/cmTC_cc3c6.dir/CMakeCCompilerABI.c.o' '-c' '-mmacosx-version-min=13.0.0'  '-nodefaultexport' '-mtune=core2' '-dumpdir' 'CMakeFiles/cmTC_cc3c6.dir/CMakeCCompilerABI.c.'
[2/2] Linking C executable cmTC_cc3c6
Using built-in specs.
COLLECT_GCC=/usr/local/Cellar/gcc@11/11.3.0/bin/gcc-11
COLLECT_LTO_WRAPPER=/usr/local/Cellar/gcc@11/11.3.0/bin/../libexec/gcc/x86_64-apple-darwin22/11/lto-wrapper
Target: x86_64-apple-darwin22
Configured with: ../configure --prefix=/usr/local/opt/gcc@11 --libdir=/usr/local/opt/gcc@11/lib/gcc/11 --disable-nls --enable-checking=release --with-gcc-major-version-only --enable-languages=c,c++,objc,obj-c++,fortran,d --program-suffix=-11 --with-gmp=/usr/local/opt/gmp --with-mpfr=/usr/local/opt/mpfr --with-mpc=/usr/local/opt/libmpc --with-isl=/usr/local/opt/isl --with-zstd=/usr/local/opt/zstd --with-pkgversion='Homebrew GCC 11.3.0' --with-bugurl=https://github.com/Homebrew/homebrew-core/issues --enable-libphobos --build=x86_64-apple-darwin22 --with-system-zlib --with-sysroot=/Library/Developer/CommandLineTools/SDKs/MacOSX13.sdk
Thread model: posix
Supported LTO compression algorithms: zlib zstd
gcc version 11.3.0 (Homebrew GCC 11.3.0) 
COMPILER_PATH=/usr/local/Cellar/gcc@11/11.3.0/bin/../libexec/gcc/x86_64-apple-darwin22/11/:/usr/local/Cellar/gcc@11/11.3.0/bin/../libexec/gcc/
LIBRARY_PATH=/usr/local/Cellar/gcc@11/11.3.0/bin/../lib/gcc/11/gcc/x86_64-apple-darwin22/11/:/usr/local/Cellar/gcc@11/11.3.0/bin/../lib/gcc/11/gcc/:/usr/local/Cellar/gcc@11/11.3.0/bin/../lib/gcc/11/gcc/x86_64-apple-darwin22/11/../../../
COLLECT_GCC_OPTIONS='-isysroot' '/Library/Developer/CommandLineTools/SDKs/MacOSX13.1.sdk' '-v' '-o' 'cmTC_cc3c6' '-mmacosx-version-min=13.0.0' '-asm_macosx_version_min=13.0' '-nodefaultexport' '-mtune=core2' '-dumpdir' 'cmTC_cc3c6.'
 /usr/local/Cellar/gcc@11/11.3.0/bin/../libexec/gcc/x86_64-apple-darwin22/11/collect2 -dynamic -arch x86_64 -syslibroot /Library/Developer/CommandLineTools/SDKs/MacOSX13.1.sdk -macosx_version_min 13.0.0 -o cmTC_cc3c6 -L/usr/local/Cellar/gcc@11/11.3.0/bin/../lib/gcc/11/gcc/x86_64-apple-darwin22/11 -L/usr/local/Cellar/gcc@11/11.3.0/bin/../lib/gcc/11/gcc -L/usr/local/Cellar/gcc@11/11.3.0/bin/../lib/gcc/11/gcc/x86_64-apple-darwin22/11/../../.. -search_paths_first -headerpad_max_install_names -v CMakeFiles/cmTC_cc3c6.dir/CMakeCCompilerABI.c.o -lemutls_w -lgcc -lSystem -no_compact_unwind -rpath @loader_path -rpath /usr/local/Cellar/gcc@11/11.3.0/lib/gcc/11/gcc/x86_64-apple-darwin22/11 -rpath /usr/local/Cellar/gcc@11/11.3.0/lib/gcc/11/gcc -rpath /usr/local/Cellar/gcc@11/11.3.0/lib/gcc/11
collect2 version 11.3.0
/usr/bin/ld -dynamic -arch x86_64 -syslibroot /Library/Developer/CommandLineTools/SDKs/MacOSX13.1.sdk -macosx_version_min 13.0.0 -o cmTC_cc3c6 -L/usr/local/Cellar/gcc@11/11.3.0/bin/../lib/gcc/11/gcc/x86_64-apple-darwin22/11 -L/usr/local/Cellar/gcc@11/11.3.0/bin/../lib/gcc/11/gcc -L/usr/local/Cellar/gcc@11/11.3.0/bin/../lib/gcc/11/gcc/x86_64-apple-darwin22/11/../../.. -search_paths_first -headerpad_max_install_names -v CMakeFiles/cmTC_cc3c6.dir/CMakeCCompilerABI.c.o -lemutls_w -lgcc -lSystem -no_compact_unwind -rpath @loader_path -rpath /usr/local/Cellar/gcc@11/11.3.0/lib/gcc/11/gcc/x86_64-apple-darwin22/11 -rpath /usr/local/Cellar/gcc@11/11.3.0/lib/gcc/11/gcc -rpath /usr/local/Cellar/gcc@11/11.3.0/lib/gcc/11
@(#)PROGRAM:ld  PROJECT:ld64-820.1
BUILD 20:07:01 Nov  7 2022
configured to support archs: armv6 armv7 armv7s arm64 arm64e arm64_32 i386 x86_64 x86_64h armv6m armv7k armv7m armv7em
Library search paths:
	/usr/local/Cellar/gcc@11/11.3.0/lib/gcc/11/gcc/x86_64-apple-darwin22/11
	/usr/local/Cellar/gcc@11/11.3.0/lib/gcc/11/gcc
	/usr/local/Cellar/gcc@11/11.3.0/lib/gcc/11
	/Library/Developer/CommandLineTools/SDKs/MacOSX13.1.sdk/usr/lib
Framework search paths:
	/Library/Developer/CommandLineTools/SDKs/MacOSX13.1.sdk/System/Library/Frameworks/



Parsed C implicit include dir info from above output: rv=done
  found start of include info
  found start of implicit include info
    add: [/usr/local/Cellar/gcc@11/11.3.0/bin/../lib/gcc/11/gcc/x86_64-apple-darwin22/11/include]
    add: [/usr/local/Cellar/gcc@11/11.3.0/bin/../lib/gcc/11/gcc/x86_64-apple-darwin22/11/include-fixed]
    add: [/Library/Developer/CommandLineTools/SDKs/MacOSX13.1.sdk/usr/include]
    add: [/Library/Developer/CommandLineTools/SDKs/MacOSX13.1.sdk/System/Library/Frameworks]
  end of search list found
  collapse include dir [/usr/local/Cellar/gcc@11/11.3.0/bin/../lib/gcc/11/gcc/x86_64-apple-darwin22/11/include] ==> [/usr/local/Cellar/gcc@11/11.3.0/lib/gcc/11/gcc/x86_64-apple-darwin22/11/include]
  collapse include dir [/usr/local/Cellar/gcc@11/11.3.0/bin/../lib/gcc/11/gcc/x86_64-apple-darwin22/11/include-fixed] ==> [/usr/local/Cellar/gcc@11/11.3.0/lib/gcc/11/gcc/x86_64-apple-darwin22/11/include-fixed]
  collapse include dir [/Library/Developer/CommandLineTools/SDKs/MacOSX13.1.sdk/usr/include] ==> [/Library/Developer/CommandLineTools/SDKs/MacOSX13.1.sdk/usr/include]
  collapse include dir [/Library/Developer/CommandLineTools/SDKs/MacOSX13.1.sdk/System/Library/Frameworks] ==> [/Library/Developer/CommandLineTools/SDKs/MacOSX13.1.sdk/System/Library/Frameworks]
  implicit include dirs: [/usr/local/Cellar/gcc@11/11.3.0/lib/gcc/11/gcc/x86_64-apple-darwin22/11/include;/usr/local/Cellar/gcc@11/11.3.0/lib/gcc/11/gcc/x86_64-apple-darwin22/11/include-fixed;/Library/Developer/CommandLineTools/SDKs/MacOSX13.1.sdk/usr/include;/Library/Developer/CommandLineTools/SDKs/MacOSX13.1.sdk/System/Library/Frameworks]


Parsed C implicit link information from above output:
  link line regex: [^( *|.*[/\])(ld|CMAKE_LINK_STARTFILE-NOTFOUND|([^/\]+-)?ld|collect2)[^/\]*( |$)]
  ignore line: [Change Dir: /Users/yaroslavshlapak/CLionProjects/pjc/cmake-build-debug/CMakeFiles/CMakeTmp]
  ignore line: []
  ignore line: [Run Build Command(s):/Users/yaroslavshlapak/Library/Application Support/JetBrains/Toolbox/apps/CLion/ch-0/223.8617.54/CLion.app/Contents/bin/ninja/mac/ninja cmTC_cc3c6 && [1/2] Building C object CMakeFiles/cmTC_cc3c6.dir/CMakeCCompilerABI.c.o]
  ignore line: [Using built-in specs.]
  ignore line: [COLLECT_GCC=/usr/local/Cellar/gcc@11/11.3.0/bin/gcc-11]
  ignore line: [Target: x86_64-apple-darwin22]
  ignore line: [Configured with: ../configure --prefix=/usr/local/opt/gcc@11 --libdir=/usr/local/opt/gcc@11/lib/gcc/11 --disable-nls --enable-checking=release --with-gcc-major-version-only --enable-languages=c c++ objc obj-c++ fortran d --program-suffix=-11 --with-gmp=/usr/local/opt/gmp --with-mpfr=/usr/local/opt/mpfr --with-mpc=/usr/local/opt/libmpc --with-isl=/usr/local/opt/isl --with-zstd=/usr/local/opt/zstd --with-pkgversion='Homebrew GCC 11.3.0' --with-bugurl=https://github.com/Homebrew/homebrew-core/issues --enable-libphobos --build=x86_64-apple-darwin22 --with-system-zlib --with-sysroot=/Library/Developer/CommandLineTools/SDKs/MacOSX13.sdk]
  ignore line: [Thread model: posix]
  ignore line: [Supported LTO compression algorithms: zlib zstd]
  ignore line: [gcc version 11.3.0 (Homebrew GCC 11.3.0) ]
  ignore line: [COLLECT_GCC_OPTIONS='-fdiagnostics-color=always' '-isysroot' '/Library/Developer/CommandLineTools/SDKs/MacOSX13.1.sdk' '-v' '-o' 'CMakeFiles/cmTC_cc3c6.dir/CMakeCCompilerABI.c.o' '-c' '-mmacosx-version-min=13.0.0' '-asm_macosx_version_min=13.0' '-nodefaultexport' '-mtune=core2' '-dumpdir' 'CMakeFiles/cmTC_cc3c6.dir/']
  ignore line: [ /usr/local/Cellar/gcc@11/11.3.0/bin/../libexec/gcc/x86_64-apple-darwin22/11/cc1 -quiet -v -iprefix /usr/local/Cellar/gcc@11/11.3.0/bin/../lib/gcc/11/gcc/x86_64-apple-darwin22/11/ -D__DYNAMIC__ -isysroot /Library/Developer/CommandLineTools/SDKs/MacOSX13.1.sdk /Users/yaroslavshlapak/Library/Application Support/JetBrains/Toolbox/apps/CLion/ch-0/223.8617.54/CLion.app/Contents/bin/cmake/mac/share/cmake-3.24/Modules/CMakeCCompilerABI.c -fPIC -quiet -dumpdir CMakeFiles/cmTC_cc3c6.dir/ -dumpbase CMakeCCompilerABI.c.c -dumpbase-ext .c -mmacosx-version-min=13.0.0 -mtune=core2 -version -fdiagnostics-color=always -o /var/folders/n3/ksyv9g1n4cd8khw25wp89_xc0000gn/T//cc96ghVZ.s]
  ignore line: [GNU C17 (Homebrew GCC 11.3.0) version 11.3.0 (x86_64-apple-darwin22)]
  ignore line: [	compiled by GNU C version 11.3.0  GMP version 6.2.1  MPFR version 4.1.0-p13  MPC version 1.2.1  isl version isl-0.25-GMP]
  ignore line: []
  ignore line: [warning: MPFR header version 4.1.0-p13 differs from library version 4.2.0.]
  ignore line: [warning: MPC header version 1.2.1 differs from library version 1.3.1.]
  ignore line: [GGC heuristics: --param ggc-min-expand=100 --param ggc-min-heapsize=131072]
  ignore line: [ignoring nonexistent directory "/usr/local/Cellar/gcc@11/11.3.0/bin/../lib/gcc/11/gcc/x86_64-apple-darwin22/11/../../../../../../x86_64-apple-darwin22/include"]
  ignore line: [ignoring duplicate directory "/usr/local/Cellar/gcc@11/11.3.0/bin/../lib/gcc/11/gcc/../../../../lib/gcc/11/gcc/x86_64-apple-darwin22/11/include"]
  ignore line: [ignoring nonexistent directory "/Library/Developer/CommandLineTools/SDKs/MacOSX13.1.sdk/usr/local/include"]
  ignore line: [ignoring duplicate directory "/usr/local/Cellar/gcc@11/11.3.0/bin/../lib/gcc/11/gcc/../../../../lib/gcc/11/gcc/x86_64-apple-darwin22/11/include-fixed"]
  ignore line: [ignoring nonexistent directory "/usr/local/Cellar/gcc@11/11.3.0/bin/../lib/gcc/11/gcc/../../../../lib/gcc/11/gcc/x86_64-apple-darwin22/11/../../../../../../x86_64-apple-darwin22/include"]
  ignore line: [ignoring nonexistent directory "/Library/Developer/CommandLineTools/SDKs/MacOSX13.1.sdk/Library/Frameworks"]
  ignore line: [#include "..." search starts here:]
  ignore line: [#include <...> search starts here:]
  ignore line: [ /usr/local/Cellar/gcc@11/11.3.0/bin/../lib/gcc/11/gcc/x86_64-apple-darwin22/11/include]
  ignore line: [ /usr/local/Cellar/gcc@11/11.3.0/bin/../lib/gcc/11/gcc/x86_64-apple-darwin22/11/include-fixed]
  ignore line: [ /Library/Developer/CommandLineTools/SDKs/MacOSX13.1.sdk/usr/include]
  ignore line: [ /Library/Developer/CommandLineTools/SDKs/MacOSX13.1.sdk/System/Library/Frameworks]
  ignore line: [End of search list.]
  ignore line: [GNU C17 (Homebrew GCC 11.3.0) version 11.3.0 (x86_64-apple-darwin22)]
  ignore line: [	compiled by GNU C version 11.3.0  GMP version 6.2.1  MPFR version 4.1.0-p13  MPC version 1.2.1  isl version isl-0.25-GMP]
  ignore line: []
  ignore line: [warning: MPFR header version 4.1.0-p13 differs from library version 4.2.0.]
  ignore line: [warning: MPC header version 1.2.1 differs from library version 1.3.1.]
  ignore line: [GGC heuristics: --param ggc-min-expand=100 --param ggc-min-heapsize=131072]
  ignore line: [Compiler executable checksum: dd0b20500f0176201798ba15a1f29b5a]
  ignore line: [COLLECT_GCC_OPTIONS='-fdiagnostics-color=always' '-isysroot' '/Library/Developer/CommandLineTools/SDKs/MacOSX13.1.sdk' '-v' '-o' 'CMakeFiles/cmTC_cc3c6.dir/CMakeCCompilerABI.c.o' '-c' '-mmacosx-version-min=13.0.0'  '-nodefaultexport' '-mtune=core2' '-dumpdir' 'CMakeFiles/cmTC_cc3c6.dir/']
  ignore line: [ as -arch x86_64 -v -mmacosx-version-min=13.0 -mllvm -x86-pad-for-align=false -force_cpusubtype_ALL -o CMakeFiles/cmTC_cc3c6.dir/CMakeCCompilerABI.c.o /var/folders/n3/ksyv9g1n4cd8khw25wp89_xc0000gn/T//cc96ghVZ.s]
  ignore line: [Apple clang version 14.0.0 (clang-1400.0.29.202)]
  ignore line: [Target: x86_64-apple-darwin22.2.0]
  ignore line: [Thread model: posix]
  ignore line: [InstalledDir: /Library/Developer/CommandLineTools/usr/bin]
  ignore line: [ "/Library/Developer/CommandLineTools/usr/bin/clang" -cc1as -triple x86_64-apple-macosx13.0.0 -filetype obj -main-file-name cc96ghVZ.s -target-cpu penryn -fdebug-compilation-dir=/Users/yaroslavshlapak/CLionProjects/pjc/cmake-build-debug/CMakeFiles/CMakeTmp -dwarf-debug-producer "Apple clang version 14.0.0 (clang-1400.0.29.202)" -dwarf-version=4 -mrelocation-model pic --mrelax-relocations -mllvm -x86-pad-for-align=false -mllvm -disable-aligned-alloc-awareness=1 -o CMakeFiles/cmTC_cc3c6.dir/CMakeCCompilerABI.c.o /var/folders/n3/ksyv9g1n4cd8khw25wp89_xc0000gn/T//cc96ghVZ.s]
  ignore line: [COMPILER_PATH=/usr/local/Cellar/gcc@11/11.3.0/bin/../libexec/gcc/x86_64-apple-darwin22/11/:/usr/local/Cellar/gcc@11/11.3.0/bin/../libexec/gcc/]
  ignore line: [LIBRARY_PATH=/usr/local/Cellar/gcc@11/11.3.0/bin/../lib/gcc/11/gcc/x86_64-apple-darwin22/11/:/usr/local/Cellar/gcc@11/11.3.0/bin/../lib/gcc/11/gcc/:/usr/local/Cellar/gcc@11/11.3.0/bin/../lib/gcc/11/gcc/x86_64-apple-darwin22/11/../../../]
  ignore line: [COLLECT_GCC_OPTIONS='-fdiagnostics-color=always' '-isysroot' '/Library/Developer/CommandLineTools/SDKs/MacOSX13.1.sdk' '-v' '-o' 'CMakeFiles/cmTC_cc3c6.dir/CMakeCCompilerABI.c.o' '-c' '-mmacosx-version-min=13.0.0'  '-nodefaultexport' '-mtune=core2' '-dumpdir' 'CMakeFiles/cmTC_cc3c6.dir/CMakeCCompilerABI.c.']
  ignore line: [[2/2] Linking C executable cmTC_cc3c6]
  ignore line: [Using built-in specs.]
  ignore line: [COLLECT_GCC=/usr/local/Cellar/gcc@11/11.3.0/bin/gcc-11]
  ignore line: [COLLECT_LTO_WRAPPER=/usr/local/Cellar/gcc@11/11.3.0/bin/../libexec/gcc/x86_64-apple-darwin22/11/lto-wrapper]
  ignore line: [Target: x86_64-apple-darwin22]
  ignore line: [Configured with: ../configure --prefix=/usr/local/opt/gcc@11 --libdir=/usr/local/opt/gcc@11/lib/gcc/11 --disable-nls --enable-checking=release --with-gcc-major-version-only --enable-languages=c c++ objc obj-c++ fortran d --program-suffix=-11 --with-gmp=/usr/local/opt/gmp --with-mpfr=/usr/local/opt/mpfr --with-mpc=/usr/local/opt/libmpc --with-isl=/usr/local/opt/isl --with-zstd=/usr/local/opt/zstd --with-pkgversion='Homebrew GCC 11.3.0' --with-bugurl=https://github.com/Homebrew/homebrew-core/issues --enable-libphobos --build=x86_64-apple-darwin22 --with-system-zlib --with-sysroot=/Library/Developer/CommandLineTools/SDKs/MacOSX13.sdk]
  ignore line: [Thread model: posix]
  ignore line: [Supported LTO compression algorithms: zlib zstd]
  ignore line: [gcc version 11.3.0 (Homebrew GCC 11.3.0) ]
  ignore line: [COMPILER_PATH=/usr/local/Cellar/gcc@11/11.3.0/bin/../libexec/gcc/x86_64-apple-darwin22/11/:/usr/local/Cellar/gcc@11/11.3.0/bin/../libexec/gcc/]
  ignore line: [LIBRARY_PATH=/usr/local/Cellar/gcc@11/11.3.0/bin/../lib/gcc/11/gcc/x86_64-apple-darwin22/11/:/usr/local/Cellar/gcc@11/11.3.0/bin/../lib/gcc/11/gcc/:/usr/local/Cellar/gcc@11/11.3.0/bin/../lib/gcc/11/gcc/x86_64-apple-darwin22/11/../../../]
  ignore line: [COLLECT_GCC_OPTIONS='-isysroot' '/Library/Developer/CommandLineTools/SDKs/MacOSX13.1.sdk' '-v' '-o' 'cmTC_cc3c6' '-mmacosx-version-min=13.0.0' '-asm_macosx_version_min=13.0' '-nodefaultexport' '-mtune=core2' '-dumpdir' 'cmTC_cc3c6.']
  link line: [ /usr/local/Cellar/gcc@11/11.3.0/bin/../libexec/gcc/x86_64-apple-darwin22/11/collect2 -dynamic -arch x86_64 -syslibroot /Library/Developer/CommandLineTools/SDKs/MacOSX13.1.sdk -macosx_version_min 13.0.0 -o cmTC_cc3c6 -L/usr/local/Cellar/gcc@11/11.3.0/bin/../lib/gcc/11/gcc/x86_64-apple-darwin22/11 -L/usr/local/Cellar/gcc@11/11.3.0/bin/../lib/gcc/11/gcc -L/usr/local/Cellar/gcc@11/11.3.0/bin/../lib/gcc/11/gcc/x86_64-apple-darwin22/11/../../.. -search_paths_first -headerpad_max_install_names -v CMakeFiles/cmTC_cc3c6.dir/CMakeCCompilerABI.c.o -lemutls_w -lgcc -lSystem -no_compact_unwind -rpath @loader_path -rpath /usr/local/Cellar/gcc@11/11.3.0/lib/gcc/11/gcc/x86_64-apple-darwin22/11 -rpath /usr/local/Cellar/gcc@11/11.3.0/lib/gcc/11/gcc -rpath /usr/local/Cellar/gcc@11/11.3.0/lib/gcc/11]
    arg [/usr/local/Cellar/gcc@11/11.3.0/bin/../libexec/gcc/x86_64-apple-darwin22/11/collect2] ==> ignore
    arg [-dynamic] ==> ignore
    arg [-arch] ==> ignore
    arg [x86_64] ==> ignore
    arg [-syslibroot] ==> ignore
    arg [/Library/Developer/CommandLineTools/SDKs/MacOSX13.1.sdk] ==> ignore
    arg [-macosx_version_min] ==> ignore
    arg [13.0.0] ==> ignore
    arg [-o] ==> ignore
    arg [cmTC_cc3c6] ==> ignore
    arg [-L/usr/local/Cellar/gcc@11/11.3.0/bin/../lib/gcc/11/gcc/x86_64-apple-darwin22/11] ==> dir [/usr/local/Cellar/gcc@11/11.3.0/bin/../lib/gcc/11/gcc/x86_64-apple-darwin22/11]
    arg [-L/usr/local/Cellar/gcc@11/11.3.0/bin/../lib/gcc/11/gcc] ==> dir [/usr/local/Cellar/gcc@11/11.3.0/bin/../lib/gcc/11/gcc]
    arg [-L/usr/local/Cellar/gcc@11/11.3.0/bin/../lib/gcc/11/gcc/x86_64-apple-darwin22/11/../../..] ==> dir [/usr/local/Cellar/gcc@11/11.3.0/bin/../lib/gcc/11/gcc/x86_64-apple-darwin22/11/../../..]
    arg [-search_paths_first] ==> ignore
    arg [-headerpad_max_install_names] ==> ignore
    arg [-v] ==> ignore
    arg [CMakeFiles/cmTC_cc3c6.dir/CMakeCCompilerABI.c.o] ==> ignore
    arg [-lemutls_w] ==> lib [emutls_w]
    arg [-lgcc] ==> lib [gcc]
    arg [-lSystem] ==> lib [System]
    arg [-no_compact_unwind] ==> ignore
    arg [-rpath] ==> ignore
    arg [@loader_path] ==> ignore
    arg [-rpath] ==> ignore
    arg [/usr/local/Cellar/gcc@11/11.3.0/lib/gcc/11/gcc/x86_64-apple-darwin22/11] ==> ignore
    arg [-rpath] ==> ignore
    arg [/usr/local/Cellar/gcc@11/11.3.0/lib/gcc/11/gcc] ==> ignore
    arg [-rpath] ==> ignore
    arg [/usr/local/Cellar/gcc@11/11.3.0/lib/gcc/11] ==> ignore
  Library search paths: [;/usr/local/Cellar/gcc@11/11.3.0/lib/gcc/11/gcc/x86_64-apple-darwin22/11;/usr/local/Cellar/gcc@11/11.3.0/lib/gcc/11/gcc;/usr/local/Cellar/gcc@11/11.3.0/lib/gcc/11;/Library/Developer/CommandLineTools/SDKs/MacOSX13.1.sdk/usr/lib]
  Framework search paths: [;/Library/Developer/CommandLineTools/SDKs/MacOSX13.1.sdk/System/Library/Frameworks/]
  remove lib [System]
  collapse library dir [/usr/local/Cellar/gcc@11/11.3.0/bin/../lib/gcc/11/gcc/x86_64-apple-darwin22/11] ==> [/usr/local/Cellar/gcc@11/11.3.0/lib/gcc/11/gcc/x86_64-apple-darwin22/11]
  collapse library dir [/usr/local/Cellar/gcc@11/11.3.0/bin/../lib/gcc/11/gcc] ==> [/usr/local/Cellar/gcc@11/11.3.0/lib/gcc/11/gcc]
  collapse library dir [/usr/local/Cellar/gcc@11/11.3.0/bin/../lib/gcc/11/gcc/x86_64-apple-darwin22/11/../../..] ==> [/usr/local/Cellar/gcc@11/11.3.0/lib/gcc/11]
  collapse library dir [/usr/local/Cellar/gcc@11/11.3.0/lib/gcc/11/gcc/x86_64-apple-darwin22/11] ==> [/usr/local/Cellar/gcc@11/11.3.0/lib/gcc/11/gcc/x86_64-apple-darwin22/11]
  collapse library dir [/usr/local/Cellar/gcc@11/11.3.0/lib/gcc/11/gcc] ==> [/usr/local/Cellar/gcc@11/11.3.0/lib/gcc/11/gcc]
  collapse library dir [/usr/local/Cellar/gcc@11/11.3.0/lib/gcc/11] ==> [/usr/local/Cellar/gcc@11/11.3.0/lib/gcc/11]
  collapse library dir [/Library/Developer/CommandLineTools/SDKs/MacOSX13.1.sdk/usr/lib] ==> [/Library/Developer/CommandLineTools/SDKs/MacOSX13.1.sdk/usr/lib]
  collapse framework dir [/Library/Developer/CommandLineTools/SDKs/MacOSX13.1.sdk/System/Library/Frameworks/] ==> [/Library/Developer/CommandLineTools/SDKs/MacOSX13.1.sdk/System/Library/Frameworks]
  implicit libs: [emutls_w;gcc]
  implicit objs: []
  implicit dirs: [/usr/local/Cellar/gcc@11/11.3.0/lib/gcc/11/gcc/x86_64-apple-darwin22/11;/usr/local/Cellar/gcc@11/11.3.0/lib/gcc/11/gcc;/usr/local/Cellar/gcc@11/11.3.0/lib/gcc/11;/Library/Developer/CommandLineTools/SDKs/MacOSX13.1.sdk/usr/lib]
  implicit fwks: [/Library/Developer/CommandLineTools/SDKs/MacOSX13.1.sdk/System/Library/Frameworks]


Detecting CXX compiler ABI info compiled with the following output:
Change Dir: /Users/yaroslavshlapak/CLionProjects/pjc/cmake-build-debug/CMakeFiles/CMakeTmp

Run Build Command(s):/Users/yaroslavshlapak/Library/Application Support/JetBrains/Toolbox/apps/CLion/ch-0/223.8617.54/CLion.app/Contents/bin/ninja/mac/ninja cmTC_d2d95 && [1/2] Building CXX object CMakeFiles/cmTC_d2d95.dir/CMakeCXXCompilerABI.cpp.o
Using built-in specs.
COLLECT_GCC=/usr/local/Cellar/gcc@11/11.3.0/bin/g++-11
Target: x86_64-apple-darwin22
Configured with: ../configure --prefix=/usr/local/opt/gcc@11 --libdir=/usr/local/opt/gcc@11/lib/gcc/11 --disable-nls --enable-checking=release --with-gcc-major-version-only --enable-languages=c,c++,objc,obj-c++,fortran,d --program-suffix=-11 --with-gmp=/usr/local/opt/gmp --with-mpfr=/usr/local/opt/mpfr --with-mpc=/usr/local/opt/libmpc --with-isl=/usr/local/opt/isl --with-zstd=/usr/local/opt/zstd --with-pkgversion='Homebrew GCC 11.3.0' --with-bugurl=https://github.com/Homebrew/homebrew-core/issues --enable-libphobos --build=x86_64-apple-darwin22 --with-system-zlib --with-sysroot=/Library/Developer/CommandLineTools/SDKs/MacOSX13.sdk
Thread model: posix
Supported LTO compression algorithms: zlib zstd
gcc version 11.3.0 (Homebrew GCC 11.3.0) 
COLLECT_GCC_OPTIONS='-fdiagnostics-color=always' '-isysroot' '/Library/Developer/CommandLineTools/SDKs/MacOSX13.1.sdk' '-v' '-o' 'CMakeFiles/cmTC_d2d95.dir/CMakeCXXCompilerABI.cpp.o' '-c' '-mmacosx-version-min=13.0.0' '-asm_macosx_version_min=13.0' '-nodefaultexport' '-shared-libgcc' '-mtune=core2' '-dumpdir' 'CMakeFiles/cmTC_d2d95.dir/'
 /usr/local/Cellar/gcc@11/11.3.0/bin/../libexec/gcc/x86_64-apple-darwin22/11/cc1plus -quiet -v -iprefix /usr/local/Cellar/gcc@11/11.3.0/bin/../lib/gcc/11/gcc/x86_64-apple-darwin22/11/ -D__DYNAMIC__ -isysroot /Library/Developer/CommandLineTools/SDKs/MacOSX13.1.sdk /Users/yaroslavshlapak/Library/Application Support/JetBrains/Toolbox/apps/CLion/ch-0/223.8617.54/CLion.app/Contents/bin/cmake/mac/share/cmake-3.24/Modules/CMakeCXXCompilerABI.cpp -fPIC -quiet -dumpdir CMakeFiles/cmTC_d2d95.dir/ -dumpbase CMakeCXXCompilerABI.cpp.cpp -dumpbase-ext .cpp -mmacosx-version-min=13.0.0 -mtune=core2 -version -fdiagnostics-color=always -o /var/folders/n3/ksyv9g1n4cd8khw25wp89_xc0000gn/T//ccaPBj6w.s
GNU C++17 (Homebrew GCC 11.3.0) version 11.3.0 (x86_64-apple-darwin22)
	compiled by GNU C version 11.3.0, GMP version 6.2.1, MPFR version 4.1.0-p13, MPC version 1.2.1, isl version isl-0.25-GMP

warning: MPFR header version 4.1.0-p13 differs from library version 4.2.0.
warning: MPC header version 1.2.1 differs from library version 1.3.1.
GGC heuristics: --param ggc-min-expand=100 --param ggc-min-heapsize=131072
ignoring nonexistent directory "/usr/local/Cellar/gcc@11/11.3.0/bin/../lib/gcc/11/gcc/x86_64-apple-darwin22/11/../../../../../../x86_64-apple-darwin22/include"
ignoring duplicate directory "/usr/local/Cellar/gcc@11/11.3.0/bin/../lib/gcc/11/gcc/../../../../lib/gcc/11/gcc/x86_64-apple-darwin22/11/../../../../../../include/c++/11"
ignoring duplicate directory "/usr/local/Cellar/gcc@11/11.3.0/bin/../lib/gcc/11/gcc/../../../../lib/gcc/11/gcc/x86_64-apple-darwin22/11/../../../../../../include/c++/11/x86_64-apple-darwin22"
ignoring duplicate directory "/usr/local/Cellar/gcc@11/11.3.0/bin/../lib/gcc/11/gcc/../../../../lib/gcc/11/gcc/x86_64-apple-darwin22/11/../../../../../../include/c++/11/backward"
ignoring duplicate directory "/usr/local/Cellar/gcc@11/11.3.0/bin/../lib/gcc/11/gcc/../../../../lib/gcc/11/gcc/x86_64-apple-darwin22/11/include"
ignoring nonexistent directory "/Library/Developer/CommandLineTools/SDKs/MacOSX13.1.sdk/usr/local/include"
ignoring duplicate directory "/usr/local/Cellar/gcc@11/11.3.0/bin/../lib/gcc/11/gcc/../../../../lib/gcc/11/gcc/x86_64-apple-darwin22/11/include-fixed"
ignoring nonexistent directory "/usr/local/Cellar/gcc@11/11.3.0/bin/../lib/gcc/11/gcc/../../../../lib/gcc/11/gcc/x86_64-apple-darwin22/11/../../../../../../x86_64-apple-darwin22/include"
ignoring nonexistent directory "/Library/Developer/CommandLineTools/SDKs/MacOSX13.1.sdk/Library/Frameworks"
#include "..." search starts here:
#include <...> search starts here:
 /usr/local/Cellar/gcc@11/11.3.0/bin/../lib/gcc/11/gcc/x86_64-apple-darwin22/11/../../../../../../include/c++/11
 /usr/local/Cellar/gcc@11/11.3.0/bin/../lib/gcc/11/gcc/x86_64-apple-darwin22/11/../../../../../../include/c++/11/x86_64-apple-darwin22
 /usr/local/Cellar/gcc@11/11.3.0/bin/../lib/gcc/11/gcc/x86_64-apple-darwin22/11/../../../../../../include/c++/11/backward
 /usr/local/Cellar/gcc@11/11.3.0/bin/../lib/gcc/11/gcc/x86_64-apple-darwin22/11/include
 /usr/local/Cellar/gcc@11/11.3.0/bin/../lib/gcc/11/gcc/x86_64-apple-darwin22/11/include-fixed
 /Library/Developer/CommandLineTools/SDKs/MacOSX13.1.sdk/usr/include
 /Library/Developer/CommandLineTools/SDKs/MacOSX13.1.sdk/System/Library/Frameworks
End of search list.
GNU C++17 (Homebrew GCC 11.3.0) version 11.3.0 (x86_64-apple-darwin22)
	compiled by GNU C version 11.3.0, GMP version 6.2.1, MPFR version 4.1.0-p13, MPC version 1.2.1, isl version isl-0.25-GMP

warning: MPFR header version 4.1.0-p13 differs from library version 4.2.0.
warning: MPC header version 1.2.1 differs from library version 1.3.1.
GGC heuristics: --param ggc-min-expand=100 --param ggc-min-heapsize=131072
Compiler executable checksum: cbd3f4e6327f9f18f92221baed806a9c
COLLECT_GCC_OPTIONS='-fdiagnostics-color=always' '-isysroot' '/Library/Developer/CommandLineTools/SDKs/MacOSX13.1.sdk' '-v' '-o' 'CMakeFiles/cmTC_d2d95.dir/CMakeCXXCompilerABI.cpp.o' '-c' '-mmacosx-version-min=13.0.0'  '-nodefaultexport' '-shared-libgcc' '-mtune=core2' '-dumpdir' 'CMakeFiles/cmTC_d2d95.dir/'
 as -arch x86_64 -v -mmacosx-version-min=13.0 -mllvm -x86-pad-for-align=false -force_cpusubtype_ALL -o CMakeFiles/cmTC_d2d95.dir/CMakeCXXCompilerABI.cpp.o /var/folders/n3/ksyv9g1n4cd8khw25wp89_xc0000gn/T//ccaPBj6w.s
Apple clang version 14.0.0 (clang-1400.0.29.202)
Target: x86_64-apple-darwin22.2.0
Thread model: posix
InstalledDir: /Library/Developer/CommandLineTools/usr/bin
 "/Library/Developer/CommandLineTools/usr/bin/clang" -cc1as -triple x86_64-apple-macosx13.0.0 -filetype obj -main-file-name ccaPBj6w.s -target-cpu penryn -fdebug-compilation-dir=/Users/yaroslavshlapak/CLionProjects/pjc/cmake-build-debug/CMakeFiles/CMakeTmp -dwarf-debug-producer "Apple clang version 14.0.0 (clang-1400.0.29.202)" -dwarf-version=4 -mrelocation-model pic --mrelax-relocations -mllvm -x86-pad-for-align=false -mllvm -disable-aligned-alloc-awareness=1 -o CMakeFiles/cmTC_d2d95.dir/CMakeCXXCompilerABI.cpp.o /var/folders/n3/ksyv9g1n4cd8khw25wp89_xc0000gn/T//ccaPBj6w.s
COMPILER_PATH=/usr/local/Cellar/gcc@11/11.3.0/bin/../libexec/gcc/x86_64-apple-darwin22/11/:/usr/local/Cellar/gcc@11/11.3.0/bin/../libexec/gcc/
LIBRARY_PATH=/usr/local/Cellar/gcc@11/11.3.0/bin/../lib/gcc/11/gcc/x86_64-apple-darwin22/11/:/usr/local/Cellar/gcc@11/11.3.0/bin/../lib/gcc/11/gcc/:/usr/local/Cellar/gcc@11/11.3.0/bin/../lib/gcc/11/gcc/x86_64-apple-darwin22/11/../../../
COLLECT_GCC_OPTIONS='-fdiagnostics-color=always' '-isysroot' '/Library/Developer/CommandLineTools/SDKs/MacOSX13.1.sdk' '-v' '-o' 'CMakeFiles/cmTC_d2d95.dir/CMakeCXXCompilerABI.cpp.o' '-c' '-mmacosx-version-min=13.0.0'  '-nodefaultexport' '-shared-libgcc' '-mtune=core2' '-dumpdir' 'CMakeFiles/cmTC_d2d95.dir/CMakeCXXCompilerABI.cpp.'
[2/2] Linking CXX executable cmTC_d2d95
Using built-in specs.
COLLECT_GCC=/usr/local/Cellar/gcc@11/11.3.0/bin/g++-11
COLLECT_LTO_WRAPPER=/usr/local/Cellar/gcc@11/11.3.0/bin/../libexec/gcc/x86_64-apple-darwin22/11/lto-wrapper
Target: x86_64-apple-darwin22
Configured with: ../configure --prefix=/usr/local/opt/gcc@11 --libdir=/usr/local/opt/gcc@11/lib/gcc/11 --disable-nls --enable-checking=release --with-gcc-major-version-only --enable-languages=c,c++,objc,obj-c++,fortran,d --program-suffix=-11 --with-gmp=/usr/local/opt/gmp --with-mpfr=/usr/local/opt/mpfr --with-mpc=/usr/local/opt/libmpc --with-isl=/usr/local/opt/isl --with-zstd=/usr/local/opt/zstd --with-pkgversion='Homebrew GCC 11.3.0' --with-bugurl=https://github.com/Homebrew/homebrew-core/issues --enable-libphobos --build=x86_64-apple-darwin22 --with-system-zlib --with-sysroot=/Library/Developer/CommandLineTools/SDKs/MacOSX13.sdk
Thread model: posix
Supported LTO compression algorithms: zlib zstd
gcc version 11.3.0 (Homebrew GCC 11.3.0) 
COMPILER_PATH=/usr/local/Cellar/gcc@11/11.3.0/bin/../libexec/gcc/x86_64-apple-darwin22/11/:/usr/local/Cellar/gcc@11/11.3.0/bin/../libexec/gcc/
LIBRARY_PATH=/usr/local/Cellar/gcc@11/11.3.0/bin/../lib/gcc/11/gcc/x86_64-apple-darwin22/11/:/usr/local/Cellar/gcc@11/11.3.0/bin/../lib/gcc/11/gcc/:/usr/local/Cellar/gcc@11/11.3.0/bin/../lib/gcc/11/gcc/x86_64-apple-darwin22/11/../../../
COLLECT_GCC_OPTIONS='-isysroot' '/Library/Developer/CommandLineTools/SDKs/MacOSX13.1.sdk' '-v' '-o' 'cmTC_d2d95' '-mmacosx-version-min=13.0.0' '-asm_macosx_version_min=13.0' '-nodefaultexport' '-shared-libgcc' '-mtune=core2' '-dumpdir' 'cmTC_d2d95.'
 /usr/local/Cellar/gcc@11/11.3.0/bin/../libexec/gcc/x86_64-apple-darwin22/11/collect2 -dynamic -arch x86_64 -syslibroot /Library/Developer/CommandLineTools/SDKs/MacOSX13.1.sdk -macosx_version_min 13.0.0 -o cmTC_d2d95 -L/usr/local/Cellar/gcc@11/11.3.0/bin/../lib/gcc/11/gcc/x86_64-apple-darwin22/11 -L/usr/local/Cellar/gcc@11/11.3.0/bin/../lib/gcc/11/gcc -L/usr/local/Cellar/gcc@11/11.3.0/bin/../lib/gcc/11/gcc/x86_64-apple-darwin22/11/../../.. -search_paths_first -headerpad_max_install_names -v CMakeFiles/cmTC_d2d95.dir/CMakeCXXCompilerABI.cpp.o -lstdc++ -lgcc_s.1.1 -lgcc -lSystem -no_compact_unwind -rpath @loader_path -rpath /usr/local/Cellar/gcc@11/11.3.0/lib/gcc/11/gcc/x86_64-apple-darwin22/11 -rpath /usr/local/Cellar/gcc@11/11.3.0/lib/gcc/11/gcc -rpath /usr/local/Cellar/gcc@11/11.3.0/lib/gcc/11
collect2 version 11.3.0
/usr/bin/ld -dynamic -arch x86_64 -syslibroot /Library/Developer/CommandLineTools/SDKs/MacOSX13.1.sdk -macosx_version_min 13.0.0 -o cmTC_d2d95 -L/usr/local/Cellar/gcc@11/11.3.0/bin/../lib/gcc/11/gcc/x86_64-apple-darwin22/11 -L/usr/local/Cellar/gcc@11/11.3.0/bin/../lib/gcc/11/gcc -L/usr/local/Cellar/gcc@11/11.3.0/bin/../lib/gcc/11/gcc/x86_64-apple-darwin22/11/../../.. -search_paths_first -headerpad_max_install_names -v CMakeFiles/cmTC_d2d95.dir/CMakeCXXCompilerABI.cpp.o -lstdc++ -lgcc_s.1.1 -lgcc -lSystem -no_compact_unwind -rpath @loader_path -rpath /usr/local/Cellar/gcc@11/11.3.0/lib/gcc/11/gcc/x86_64-apple-darwin22/11 -rpath /usr/local/Cellar/gcc@11/11.3.0/lib/gcc/11/gcc -rpath /usr/local/Cellar/gcc@11/11.3.0/lib/gcc/11
@(#)PROGRAM:ld  PROJECT:ld64-820.1
BUILD 20:07:01 Nov  7 2022
configured to support archs: armv6 armv7 armv7s arm64 arm64e arm64_32 i386 x86_64 x86_64h armv6m armv7k armv7m armv7em
Library search paths:
	/usr/local/Cellar/gcc@11/11.3.0/lib/gcc/11/gcc/x86_64-apple-darwin22/11
	/usr/local/Cellar/gcc@11/11.3.0/lib/gcc/11/gcc
	/usr/local/Cellar/gcc@11/11.3.0/lib/gcc/11
	/Library/Developer/CommandLineTools/SDKs/MacOSX13.1.sdk/usr/lib
Framework search paths:
	/Library/Developer/CommandLineTools/SDKs/MacOSX13.1.sdk/System/Library/Frameworks/



Parsed CXX implicit include dir info from above output: rv=done
  found start of include info
  found start of implicit include info
    add: [/usr/local/Cellar/gcc@11/11.3.0/bin/../lib/gcc/11/gcc/x86_64-apple-darwin22/11/../../../../../../include/c++/11]
    add: [/usr/local/Cellar/gcc@11/11.3.0/bin/../lib/gcc/11/gcc/x86_64-apple-darwin22/11/../../../../../../include/c++/11/x86_64-apple-darwin22]
    add: [/usr/local/Cellar/gcc@11/11.3.0/bin/../lib/gcc/11/gcc/x86_64-apple-darwin22/11/../../../../../../include/c++/11/backward]
    add: [/usr/local/Cellar/gcc@11/11.3.0/bin/../lib/gcc/11/gcc/x86_64-apple-darwin22/11/include]
    add: [/usr/local/Cellar/gcc@11/11.3.0/bin/../lib/gcc/11/gcc/x86_64-apple-darwin22/11/include-fixed]
    add: [/Library/Developer/CommandLineTools/SDKs/MacOSX13.1.sdk/usr/include]
    add: [/Library/Developer/CommandLineTools/SDKs/MacOSX13.1.sdk/System/Library/Frameworks]
  end of search list found
  collapse include dir [/usr/local/Cellar/gcc@11/11.3.0/bin/../lib/gcc/11/gcc/x86_64-apple-darwin22/11/../../../../../../include/c++/11] ==> [/usr/local/Cellar/gcc@11/11.3.0/include/c++/11]
  collapse include dir [/usr/local/Cellar/gcc@11/11.3.0/bin/../lib/gcc/11/gcc/x86_64-apple-darwin22/11/../../../../../../include/c++/11/x86_64-apple-darwin22] ==> [/usr/local/Cellar/gcc@11/11.3.0/include/c++/11/x86_64-apple-darwin22]
  collapse include dir [/usr/local/Cellar/gcc@11/11.3.0/bin/../lib/gcc/11/gcc/x86_64-apple-darwin22/11/../../../../../../include/c++/11/backward] ==> [/usr/local/Cellar/gcc@11/11.3.0/include/c++/11/backward]
  collapse include dir [/usr/local/Cellar/gcc@11/11.3.0/bin/../lib/gcc/11/gcc/x86_64-apple-darwin22/11/include] ==> [/usr/local/Cellar/gcc@11/11.3.0/lib/gcc/11/gcc/x86_64-apple-darwin22/11/include]
  collapse include dir [/usr/local/Cellar/gcc@11/11.3.0/bin/../lib/gcc/11/gcc/x86_64-apple-darwin22/11/include-fixed] ==> [/usr/local/Cellar/gcc@11/11.3.0/lib/gcc/11/gcc/x86_64-apple-darwin22/11/include-fixed]
  collapse include dir [/Library/Developer/CommandLineTools/SDKs/MacOSX13.1.sdk/usr/include] ==> [/Library/Developer/CommandLineTools/SDKs/MacOSX13.1.sdk/usr/include]
  collapse include dir [/Library/Developer/CommandLineTools/SDKs/MacOSX13.1.sdk/System/Library/Frameworks] ==> [/Library/Developer/CommandLineTools/SDKs/MacOSX13.1.sdk/System/Library/Frameworks]
  implicit include dirs: [/usr/local/Cellar/gcc@11/11.3.0/include/c++/11;/usr/local/Cellar/gcc@11/11.3.0/include/c++/11/x86_64-apple-darwin22;/usr/local/Cellar/gcc@11/11.3.0/include/c++/11/backward;/usr/local/Cellar/gcc@11/11.3.0/lib/gcc/11/gcc/x86_64-apple-darwin22/11/include;/usr/local/Cellar/gcc@11/11.3.0/lib/gcc/11/gcc/x86_64-apple-darwin22/11/include-fixed;/Library/Developer/CommandLineTools/SDKs/MacOSX13.1.sdk/usr/include;/Library/Developer/CommandLineTools/SDKs/MacOSX13.1.sdk/System/Library/Frameworks]


Parsed CXX implicit link information from above output:
  link line regex: [^( *|.*[/\])(ld|CMAKE_LINK_STARTFILE-NOTFOUND|([^/\]+-)?ld|collect2)[^/\]*( |$)]
  ignore line: [Change Dir: /Users/yaroslavshlapak/CLionProjects/pjc/cmake-build-debug/CMakeFiles/CMakeTmp]
  ignore line: []
  ignore line: [Run Build Command(s):/Users/yaroslavshlapak/Library/Application Support/JetBrains/Toolbox/apps/CLion/ch-0/223.8617.54/CLion.app/Contents/bin/ninja/mac/ninja cmTC_d2d95 && [1/2] Building CXX object CMakeFiles/cmTC_d2d95.dir/CMakeCXXCompilerABI.cpp.o]
  ignore line: [Using built-in specs.]
  ignore line: [COLLECT_GCC=/usr/local/Cellar/gcc@11/11.3.0/bin/g++-11]
  ignore line: [Target: x86_64-apple-darwin22]
  ignore line: [Configured with: ../configure --prefix=/usr/local/opt/gcc@11 --libdir=/usr/local/opt/gcc@11/lib/gcc/11 --disable-nls --enable-checking=release --with-gcc-major-version-only --enable-languages=c c++ objc obj-c++ fortran d --program-suffix=-11 --with-gmp=/usr/local/opt/gmp --with-mpfr=/usr/local/opt/mpfr --with-mpc=/usr/local/opt/libmpc --with-isl=/usr/local/opt/isl --with-zstd=/usr/local/opt/zstd --with-pkgversion='Homebrew GCC 11.3.0' --with-bugurl=https://github.com/Homebrew/homebrew-core/issues --enable-libphobos --build=x86_64-apple-darwin22 --with-system-zlib --with-sysroot=/Library/Developer/CommandLineTools/SDKs/MacOSX13.sdk]
  ignore line: [Thread model: posix]
  ignore line: [Supported LTO compression algorithms: zlib zstd]
  ignore line: [gcc version 11.3.0 (Homebrew GCC 11.3.0) ]
  ignore line: [COLLECT_GCC_OPTIONS='-fdiagnostics-color=always' '-isysroot' '/Library/Developer/CommandLineTools/SDKs/MacOSX13.1.sdk' '-v' '-o' 'CMakeFiles/cmTC_d2d95.dir/CMakeCXXCompilerABI.cpp.o' '-c' '-mmacosx-version-min=13.0.0' '-asm_macosx_version_min=13.0' '-nodefaultexport' '-shared-libgcc' '-mtune=core2' '-dumpdir' 'CMakeFiles/cmTC_d2d95.dir/']
  ignore line: [ /usr/local/Cellar/gcc@11/11.3.0/bin/../libexec/gcc/x86_64-apple-darwin22/11/cc1plus -quiet -v -iprefix /usr/local/Cellar/gcc@11/11.3.0/bin/../lib/gcc/11/gcc/x86_64-apple-darwin22/11/ -D__DYNAMIC__ -isysroot /Library/Developer/CommandLineTools/SDKs/MacOSX13.1.sdk /Users/yaroslavshlapak/Library/Application Support/JetBrains/Toolbox/apps/CLion/ch-0/223.8617.54/CLion.app/Contents/bin/cmake/mac/share/cmake-3.24/Modules/CMakeCXXCompilerABI.cpp -fPIC -quiet -dumpdir CMakeFiles/cmTC_d2d95.dir/ -dumpbase CMakeCXXCompilerABI.cpp.cpp -dumpbase-ext .cpp -mmacosx-version-min=13.0.0 -mtune=core2 -version -fdiagnostics-color=always -o /var/folders/n3/ksyv9g1n4cd8khw25wp89_xc0000gn/T//ccaPBj6w.s]
  ignore line: [GNU C++17 (Homebrew GCC 11.3.0) version 11.3.0 (x86_64-apple-darwin22)]
  ignore line: [	compiled by GNU C version 11.3.0  GMP version 6.2.1  MPFR version 4.1.0-p13  MPC version 1.2.1  isl version isl-0.25-GMP]
  ignore line: []
  ignore line: [warning: MPFR header version 4.1.0-p13 differs from library version 4.2.0.]
  ignore line: [warning: MPC header version 1.2.1 differs from library version 1.3.1.]
  ignore line: [GGC heuristics: --param ggc-min-expand=100 --param ggc-min-heapsize=131072]
  ignore line: [ignoring nonexistent directory "/usr/local/Cellar/gcc@11/11.3.0/bin/../lib/gcc/11/gcc/x86_64-apple-darwin22/11/../../../../../../x86_64-apple-darwin22/include"]
  ignore line: [ignoring duplicate directory "/usr/local/Cellar/gcc@11/11.3.0/bin/../lib/gcc/11/gcc/../../../../lib/gcc/11/gcc/x86_64-apple-darwin22/11/../../../../../../include/c++/11"]
  ignore line: [ignoring duplicate directory "/usr/local/Cellar/gcc@11/11.3.0/bin/../lib/gcc/11/gcc/../../../../lib/gcc/11/gcc/x86_64-apple-darwin22/11/../../../../../../include/c++/11/x86_64-apple-darwin22"]
  ignore line: [ignoring duplicate directory "/usr/local/Cellar/gcc@11/11.3.0/bin/../lib/gcc/11/gcc/../../../../lib/gcc/11/gcc/x86_64-apple-darwin22/11/../../../../../../include/c++/11/backward"]
  ignore line: [ignoring duplicate directory "/usr/local/Cellar/gcc@11/11.3.0/bin/../lib/gcc/11/gcc/../../../../lib/gcc/11/gcc/x86_64-apple-darwin22/11/include"]
  ignore line: [ignoring nonexistent directory "/Library/Developer/CommandLineTools/SDKs/MacOSX13.1.sdk/usr/local/include"]
  ignore line: [ignoring duplicate directory "/usr/local/Cellar/gcc@11/11.3.0/bin/../lib/gcc/11/gcc/../../../../lib/gcc/11/gcc/x86_64-apple-darwin22/11/include-fixed"]
  ignore line: [ignoring nonexistent directory "/usr/local/Cellar/gcc@11/11.3.0/bin/../lib/gcc/11/gcc/../../../../lib/gcc/11/gcc/x86_64-apple-darwin22/11/../../../../../../x86_64-apple-darwin22/include"]
  ignore line: [ignoring nonexistent directory "/Library/Developer/CommandLineTools/SDKs/MacOSX13.1.sdk/Library/Frameworks"]
  ignore line: [#include "..." search starts here:]
  ignore line: [#include <...> search starts here:]
  ignore line: [ /usr/local/Cellar/gcc@11/11.3.0/bin/../lib/gcc/11/gcc/x86_64-apple-darwin22/11/../../../../../../include/c++/11]
  ignore line: [ /usr/local/Cellar/gcc@11/11.3.0/bin/../lib/gcc/11/gcc/x86_64-apple-darwin22/11/../../../../../../include/c++/11/x86_64-apple-darwin22]
  ignore line: [ /usr/local/Cellar/gcc@11/11.3.0/bin/../lib/gcc/11/gcc/x86_64-apple-darwin22/11/../../../../../../include/c++/11/backward]
  ignore line: [ /usr/local/Cellar/gcc@11/11.3.0/bin/../lib/gcc/11/gcc/x86_64-apple-darwin22/11/include]
  ignore line: [ /usr/local/Cellar/gcc@11/11.3.0/bin/../lib/gcc/11/gcc/x86_64-apple-darwin22/11/include-fixed]
  ignore line: [ /Library/Developer/CommandLineTools/SDKs/MacOSX13.1.sdk/usr/include]
  ignore line: [ /Library/Developer/CommandLineTools/SDKs/MacOSX13.1.sdk/System/Library/Frameworks]
  ignore line: [End of search list.]
  ignore line: [GNU C++17 (Homebrew GCC 11.3.0) version 11.3.0 (x86_64-apple-darwin22)]
  ignore line: [	compiled by GNU C version 11.3.0  GMP version 6.2.1  MPFR version 4.1.0-p13  MPC version 1.2.1  isl version isl-0.25-GMP]
  ignore line: []
  ignore line: [warning: MPFR header version 4.1.0-p13 differs from library version 4.2.0.]
  ignore line: [warning: MPC header version 1.2.1 differs from library version 1.3.1.]
  ignore line: [GGC heuristics: --param ggc-min-expand=100 --param ggc-min-heapsize=131072]
  ignore line: [Compiler executable checksum: cbd3f4e6327f9f18f92221baed806a9c]
  ignore line: [COLLECT_GCC_OPTIONS='-fdiagnostics-color=always' '-isysroot' '/Library/Developer/CommandLineTools/SDKs/MacOSX13.1.sdk' '-v' '-o' 'CMakeFiles/cmTC_d2d95.dir/CMakeCXXCompilerABI.cpp.o' '-c' '-mmacosx-version-min=13.0.0'  '-nodefaultexport' '-shared-libgcc' '-mtune=core2' '-dumpdir' 'CMakeFiles/cmTC_d2d95.dir/']
  ignore line: [ as -arch x86_64 -v -mmacosx-version-min=13.0 -mllvm -x86-pad-for-align=false -force_cpusubtype_ALL -o CMakeFiles/cmTC_d2d95.dir/CMakeCXXCompilerABI.cpp.o /var/folders/n3/ksyv9g1n4cd8khw25wp89_xc0000gn/T//ccaPBj6w.s]
  ignore line: [Apple clang version 14.0.0 (clang-1400.0.29.202)]
  ignore line: [Target: x86_64-apple-darwin22.2.0]
  ignore line: [Thread model: posix]
  ignore line: [InstalledDir: /Library/Developer/CommandLineTools/usr/bin]
  ignore line: [ "/Library/Developer/CommandLineTools/usr/bin/clang" -cc1as -triple x86_64-apple-macosx13.0.0 -filetype obj -main-file-name ccaPBj6w.s -target-cpu penryn -fdebug-compilation-dir=/Users/yaroslavshlapak/CLionProjects/pjc/cmake-build-debug/CMakeFiles/CMakeTmp -dwarf-debug-producer "Apple clang version 14.0.0 (clang-1400.0.29.202)" -dwarf-version=4 -mrelocation-model pic --mrelax-relocations -mllvm -x86-pad-for-align=false -mllvm -disable-aligned-alloc-awareness=1 -o CMakeFiles/cmTC_d2d95.dir/CMakeCXXCompilerABI.cpp.o /var/folders/n3/ksyv9g1n4cd8khw25wp89_xc0000gn/T//ccaPBj6w.s]
  ignore line: [COMPILER_PATH=/usr/local/Cellar/gcc@11/11.3.0/bin/../libexec/gcc/x86_64-apple-darwin22/11/:/usr/local/Cellar/gcc@11/11.3.0/bin/../libexec/gcc/]
  ignore line: [LIBRARY_PATH=/usr/local/Cellar/gcc@11/11.3.0/bin/../lib/gcc/11/gcc/x86_64-apple-darwin22/11/:/usr/local/Cellar/gcc@11/11.3.0/bin/../lib/gcc/11/gcc/:/usr/local/Cellar/gcc@11/11.3.0/bin/../lib/gcc/11/gcc/x86_64-apple-darwin22/11/../../../]
  ignore line: [COLLECT_GCC_OPTIONS='-fdiagnostics-color=always' '-isysroot' '/Library/Developer/CommandLineTools/SDKs/MacOSX13.1.sdk' '-v' '-o' 'CMakeFiles/cmTC_d2d95.dir/CMakeCXXCompilerABI.cpp.o' '-c' '-mmacosx-version-min=13.0.0'  '-nodefaultexport' '-shared-libgcc' '-mtune=core2' '-dumpdir' 'CMakeFiles/cmTC_d2d95.dir/CMakeCXXCompilerABI.cpp.']
  ignore line: [[2/2] Linking CXX executable cmTC_d2d95]
  ignore line: [Using built-in specs.]
  ignore line: [COLLECT_GCC=/usr/local/Cellar/gcc@11/11.3.0/bin/g++-11]
  ignore line: [COLLECT_LTO_WRAPPER=/usr/local/Cellar/gcc@11/11.3.0/bin/../libexec/gcc/x86_64-apple-darwin22/11/lto-wrapper]
  ignore line: [Target: x86_64-apple-darwin22]
  ignore line: [Configured with: ../configure --prefix=/usr/local/opt/gcc@11 --libdir=/usr/local/opt/gcc@11/lib/gcc/11 --disable-nls --enable-checking=release --with-gcc-major-version-only --enable-languages=c c++ objc obj-c++ fortran d --program-suffix=-11 --with-gmp=/usr/local/opt/gmp --with-mpfr=/usr/local/opt/mpfr --with-mpc=/usr/local/opt/libmpc --with-isl=/usr/local/opt/isl --with-zstd=/usr/local/opt/zstd --with-pkgversion='Homebrew GCC 11.3.0' --with-bugurl=https://github.com/Homebrew/homebrew-core/issues --enable-libphobos --build=x86_64-apple-darwin22 --with-system-zlib --with-sysroot=/Library/Developer/CommandLineTools/SDKs/MacOSX13.sdk]
  ignore line: [Thread model: posix]
  ignore line: [Supported LTO compression algorithms: zlib zstd]
  ignore line: [gcc version 11.3.0 (Homebrew GCC 11.3.0) ]
  ignore line: [COMPILER_PATH=/usr/local/Cellar/gcc@11/11.3.0/bin/../libexec/gcc/x86_64-apple-darwin22/11/:/usr/local/Cellar/gcc@11/11.3.0/bin/../libexec/gcc/]
  ignore line: [LIBRARY_PATH=/usr/local/Cellar/gcc@11/11.3.0/bin/../lib/gcc/11/gcc/x86_64-apple-darwin22/11/:/usr/local/Cellar/gcc@11/11.3.0/bin/../lib/gcc/11/gcc/:/usr/local/Cellar/gcc@11/11.3.0/bin/../lib/gcc/11/gcc/x86_64-apple-darwin22/11/../../../]
  ignore line: [COLLECT_GCC_OPTIONS='-isysroot' '/Library/Developer/CommandLineTools/SDKs/MacOSX13.1.sdk' '-v' '-o' 'cmTC_d2d95' '-mmacosx-version-min=13.0.0' '-asm_macosx_version_min=13.0' '-nodefaultexport' '-shared-libgcc' '-mtune=core2' '-dumpdir' 'cmTC_d2d95.']
  link line: [ /usr/local/Cellar/gcc@11/11.3.0/bin/../libexec/gcc/x86_64-apple-darwin22/11/collect2 -dynamic -arch x86_64 -syslibroot /Library/Developer/CommandLineTools/SDKs/MacOSX13.1.sdk -macosx_version_min 13.0.0 -o cmTC_d2d95 -L/usr/local/Cellar/gcc@11/11.3.0/bin/../lib/gcc/11/gcc/x86_64-apple-darwin22/11 -L/usr/local/Cellar/gcc@11/11.3.0/bin/../lib/gcc/11/gcc -L/usr/local/Cellar/gcc@11/11.3.0/bin/../lib/gcc/11/gcc/x86_64-apple-darwin22/11/../../.. -search_paths_first -headerpad_max_install_names -v CMakeFiles/cmTC_d2d95.dir/CMakeCXXCompilerABI.cpp.o -lstdc++ -lgcc_s.1.1 -lgcc -lSystem -no_compact_unwind -rpath @loader_path -rpath /usr/local/Cellar/gcc@11/11.3.0/lib/gcc/11/gcc/x86_64-apple-darwin22/11 -rpath /usr/local/Cellar/gcc@11/11.3.0/lib/gcc/11/gcc -rpath /usr/local/Cellar/gcc@11/11.3.0/lib/gcc/11]
    arg [/usr/local/Cellar/gcc@11/11.3.0/bin/../libexec/gcc/x86_64-apple-darwin22/11/collect2] ==> ignore
    arg [-dynamic] ==> ignore
    arg [-arch] ==> ignore
    arg [x86_64] ==> ignore
    arg [-syslibroot] ==> ignore
    arg [/Library/Developer/CommandLineTools/SDKs/MacOSX13.1.sdk] ==> ignore
    arg [-macosx_version_min] ==> ignore
    arg [13.0.0] ==> ignore
    arg [-o] ==> ignore
    arg [cmTC_d2d95] ==> ignore
    arg [-L/usr/local/Cellar/gcc@11/11.3.0/bin/../lib/gcc/11/gcc/x86_64-apple-darwin22/11] ==> dir [/usr/local/Cellar/gcc@11/11.3.0/bin/../lib/gcc/11/gcc/x86_64-apple-darwin22/11]
    arg [-L/usr/local/Cellar/gcc@11/11.3.0/bin/../lib/gcc/11/gcc] ==> dir [/usr/local/Cellar/gcc@11/11.3.0/bin/../lib/gcc/11/gcc]
    arg [-L/usr/local/Cellar/gcc@11/11.3.0/bin/../lib/gcc/11/gcc/x86_64-apple-darwin22/11/../../..] ==> dir [/usr/local/Cellar/gcc@11/11.3.0/bin/../lib/gcc/11/gcc/x86_64-apple-darwin22/11/../../..]
    arg [-search_paths_first] ==> ignore
    arg [-headerpad_max_install_names] ==> ignore
    arg [-v] ==> ignore
    arg [CMakeFiles/cmTC_d2d95.dir/CMakeCXXCompilerABI.cpp.o] ==> ignore
    arg [-lstdc++] ==> lib [stdc++]
    arg [-lgcc_s.1.1] ==> lib [gcc_s.1.1]
    arg [-lgcc] ==> lib [gcc]
    arg [-lSystem] ==> lib [System]
    arg [-no_compact_unwind] ==> ignore
    arg [-rpath] ==> ignore
    arg [@loader_path] ==> ignore
    arg [-rpath] ==> ignore
    arg [/usr/local/Cellar/gcc@11/11.3.0/lib/gcc/11/gcc/x86_64-apple-darwin22/11] ==> ignore
    arg [-rpath] ==> ignore
    arg [/usr/local/Cellar/gcc@11/11.3.0/lib/gcc/11/gcc] ==> ignore
    arg [-rpath] ==> ignore
    arg [/usr/local/Cellar/gcc@11/11.3.0/lib/gcc/11] ==> ignore
  Library search paths: [;/usr/local/Cellar/gcc@11/11.3.0/lib/gcc/11/gcc/x86_64-apple-darwin22/11;/usr/local/Cellar/gcc@11/11.3.0/lib/gcc/11/gcc;/usr/local/Cellar/gcc@11/11.3.0/lib/gcc/11;/Library/Developer/CommandLineTools/SDKs/MacOSX13.1.sdk/usr/lib]
  Framework search paths: [;/Library/Developer/CommandLineTools/SDKs/MacOSX13.1.sdk/System/Library/Frameworks/]
  remove lib [System]
  collapse library dir [/usr/local/Cellar/gcc@11/11.3.0/bin/../lib/gcc/11/gcc/x86_64-apple-darwin22/11] ==> [/usr/local/Cellar/gcc@11/11.3.0/lib/gcc/11/gcc/x86_64-apple-darwin22/11]
  collapse library dir [/usr/local/Cellar/gcc@11/11.3.0/bin/../lib/gcc/11/gcc] ==> [/usr/local/Cellar/gcc@11/11.3.0/lib/gcc/11/gcc]
  collapse library dir [/usr/local/Cellar/gcc@11/11.3.0/bin/../lib/gcc/11/gcc/x86_64-apple-darwin22/11/../../..] ==> [/usr/local/Cellar/gcc@11/11.3.0/lib/gcc/11]
  collapse library dir [/usr/local/Cellar/gcc@11/11.3.0/lib/gcc/11/gcc/x86_64-apple-darwin22/11] ==> [/usr/local/Cellar/gcc@11/11.3.0/lib/gcc/11/gcc/x86_64-apple-darwin22/11]
  collapse library dir [/usr/local/Cellar/gcc@11/11.3.0/lib/gcc/11/gcc] ==> [/usr/local/Cellar/gcc@11/11.3.0/lib/gcc/11/gcc]
  collapse library dir [/usr/local/Cellar/gcc@11/11.3.0/lib/gcc/11] ==> [/usr/local/Cellar/gcc@11/11.3.0/lib/gcc/11]
  collapse library dir [/Library/Developer/CommandLineTools/SDKs/MacOSX13.1.sdk/usr/lib] ==> [/Library/Developer/CommandLineTools/SDKs/MacOSX13.1.sdk/usr/lib]
  collapse framework dir [/Library/Developer/CommandLineTools/SDKs/MacOSX13.1.sdk/System/Library/Frameworks/] ==> [/Library/Developer/CommandLineTools/SDKs/MacOSX13.1.sdk/System/Library/Frameworks]
  implicit libs: [stdc++;gcc_s.1.1;gcc]
  implicit objs: []
  implicit dirs: [/usr/local/Cellar/gcc@11/11.3.0/lib/gcc/11/gcc/x86_64-apple-darwin22/11;/usr/local/Cellar/gcc@11/11.3.0/lib/gcc/11/gcc;/usr/local/Cellar/gcc@11/11.3.0/lib/gcc/11;/Library/Developer/CommandLineTools/SDKs/MacOSX13.1.sdk/usr/lib]
  implicit fwks: [/Library/Developer/CommandLineTools/SDKs/MacOSX13.1.sdk/System/Library/Frameworks]


Performing C++ SOURCE FILE Test has_std_20_flag succeeded with the following output:
Change Dir: /Users/yaroslavshlapak/CLionProjects/pjc/cmake-build-debug/CMakeFiles/CMakeTmp

Run Build Command(s):/Users/yaroslavshlapak/Library/Application Support/JetBrains/Toolbox/apps/CLion/ch-0/223.8617.54/CLion.app/Contents/bin/ninja/mac/ninja cmTC_1ab21 && [1/2] Building CXX object CMakeFiles/cmTC_1ab21.dir/src.cxx.o
[2/2] Linking CXX executable cmTC_1ab21


Source file was:
int main() { return 0; }
Performing C++ SOURCE FILE Test has_std_2a_flag succeeded with the following output:
Change Dir: /Users/yaroslavshlapak/CLionProjects/pjc/cmake-build-debug/CMakeFiles/CMakeTmp

Run Build Command(s):/Users/yaroslavshlapak/Library/Application Support/JetBrains/Toolbox/apps/CLion/ch-0/223.8617.54/CLion.app/Contents/bin/ninja/mac/ninja cmTC_e45c1 && [1/2] Building CXX object CMakeFiles/cmTC_e45c1.dir/src.cxx.o
[2/2] Linking CXX executable cmTC_e45c1


Source file was:
int main() { return 0; }
